[debug] [2024-02-13T10:05:15.730Z] ----------------------------------------------------------------------
[debug] [2024-02-13T10:05:15.731Z] Command:       C:\Program Files\nodejs\node.exe C:\Users\Dell\AppData\Roaming\npm\node_modules\firebase-tools\lib\bin\firebase.js emulators:start --only functions
[debug] [2024-02-13T10:05:15.731Z] CLI Version:   13.2.1
[debug] [2024-02-13T10:05:15.731Z] Platform:      win32
[debug] [2024-02-13T10:05:15.732Z] Node Version:  v18.16.0
[debug] [2024-02-13T10:05:15.732Z] Time:          Tue Feb 13 2024 13:05:15 GMT+0300 (GMT+03:00)
[debug] [2024-02-13T10:05:15.732Z] ----------------------------------------------------------------------
[debug] 
[debug] [2024-02-13T10:05:15.803Z] > command requires scopes: ["email","openid","https://www.googleapis.com/auth/cloudplatformprojects.readonly","https://www.googleapis.com/auth/firebase","https://www.googleapis.com/auth/cloud-platform"]
[debug] [2024-02-13T10:05:15.804Z] > authorizing via signed-in user (rahmehalomari577@gmail.com)
[info] i  emulators: Starting emulators: functions {"metadata":{"emulator":{"name":"hub"},"message":"Starting emulators: functions"}}
[debug] [2024-02-13T10:05:15.810Z] [logging] Logging Emulator only supports listening on one address (127.0.0.1). Not listening on ::1
[debug] [2024-02-13T10:05:15.810Z] assigned listening specs for emulators {"user":{"hub":[{"address":"127.0.0.1","family":"IPv4","port":4400},{"address":"::1","family":"IPv6","port":4400}],"ui":[{"address":"127.0.0.1","family":"IPv4","port":4000},{"address":"::1","family":"IPv6","port":4000}],"logging":[{"address":"127.0.0.1","family":"IPv4","port":4500}]},"metadata":{"message":"assigned listening specs for emulators"}}
[debug] [2024-02-13T10:05:15.816Z] [hub] writing locator at C:\Users\Dell\AppData\Local\Temp\hub-fir-84a45.json
[debug] [2024-02-13T10:05:15.831Z] [functions] Functions Emulator only supports listening on one address (127.0.0.1). Not listening on ::1
[debug] [2024-02-13T10:05:15.832Z] [eventarc] Eventarc Emulator only supports listening on one address (127.0.0.1). Not listening on ::1
[debug] [2024-02-13T10:05:15.832Z] late-assigned ports for functions and eventarc emulators {"user":{"hub":[{"address":"127.0.0.1","family":"IPv4","port":4400},{"address":"::1","family":"IPv6","port":4400}],"ui":[{"address":"127.0.0.1","family":"IPv4","port":4000},{"address":"::1","family":"IPv6","port":4000}],"logging":[{"address":"127.0.0.1","family":"IPv4","port":4500}],"functions":[{"address":"127.0.0.1","family":"IPv4","port":5001}],"eventarc":[{"address":"127.0.0.1","family":"IPv4","port":9299}]},"metadata":{"message":"late-assigned ports for functions and eventarc emulators"}}
[warn] !  functions: The following emulators are not running, calls to these services from the Functions emulator will affect production: auth, firestore, database, hosting, pubsub, storage {"metadata":{"emulator":{"name":"functions"},"message":"The following emulators are not running, calls to these services from the Functions emulator will affect production: \u001b[1mauth, firestore, database, hosting, pubsub, storage\u001b[22m"}}
[debug] [2024-02-13T10:05:15.836Z] defaultcredentials: writing to file C:\Users\Dell\AppData\Roaming\firebase\rahmehalomari577_gmail_com_application_default_credentials.json
[debug] [2024-02-13T10:05:15.847Z] Setting GAC to C:\Users\Dell\AppData\Roaming\firebase\rahmehalomari577_gmail_com_application_default_credentials.json {"metadata":{"emulator":{"name":"functions"},"message":"Setting GAC to C:\\Users\\Dell\\AppData\\Roaming\\firebase\\rahmehalomari577_gmail_com_application_default_credentials.json"}}
[debug] [2024-02-13T10:05:15.849Z] >>> [apiv2][query] GET https://firebase.googleapis.com/v1beta1/projects/fir-84a45/adminSdkConfig [none]
[debug] [2024-02-13T10:05:16.540Z] <<< [apiv2][status] GET https://firebase.googleapis.com/v1beta1/projects/fir-84a45/adminSdkConfig 200
[debug] [2024-02-13T10:05:16.541Z] <<< [apiv2][body] GET https://firebase.googleapis.com/v1beta1/projects/fir-84a45/adminSdkConfig {"projectId":"fir-84a45","storageBucket":"fir-84a45.appspot.com"}
[debug] [2024-02-13T10:05:16.558Z] Ignoring unsupported arg: auto_download {"metadata":{"emulator":{"name":"ui"},"message":"Ignoring unsupported arg: auto_download"}}
[debug] [2024-02-13T10:05:16.558Z] Ignoring unsupported arg: port {"metadata":{"emulator":{"name":"ui"},"message":"Ignoring unsupported arg: port"}}
[debug] [2024-02-13T10:05:16.558Z] Starting Emulator UI with command {"binary":"node","args":["C:\\Users\\Dell\\.cache\\firebase\\emulators\\ui-v1.11.7\\server\\server.js"],"optionalArgs":[],"joinArgs":false} {"metadata":{"emulator":{"name":"ui"},"message":"Starting Emulator UI with command {\"binary\":\"node\",\"args\":[\"C:\\\\Users\\\\Dell\\\\.cache\\\\firebase\\\\emulators\\\\ui-v1.11.7\\\\server\\\\server.js\"],\"optionalArgs\":[],\"joinArgs\":false}"}}
[info] i  ui: Emulator UI logging to ui-debug.log {"metadata":{"emulator":{"name":"ui"},"message":"Emulator UI logging to \u001b[1mui-debug.log\u001b[22m"}}
[debug] [2024-02-13T10:05:16.638Z] Web / API server started at 127.0.0.1:4000
 {"metadata":{"emulator":{"name":"ui"},"message":"Web / API server started at 127.0.0.1:4000\n"}}
[debug] [2024-02-13T10:05:16.638Z] Web / API server started at ::1:4000
 {"metadata":{"emulator":{"name":"ui"},"message":"Web / API server started at ::1:4000\n"}}
[info] i  functions: Watching "C:\Users\Dell\projects-react\amazon\functions" for Cloud Functions... {"metadata":{"emulator":{"name":"functions"},"message":"Watching \"C:\\Users\\Dell\\projects-react\\amazon\\functions\" for Cloud Functions..."}}
[debug] [2024-02-13T10:05:16.830Z] Validating nodejs source
[debug] [2024-02-13T10:05:18.217Z] > [functions] package.json contents: {
  "name": "functions",
  "description": "Cloud Functions for Firebase",
  "scripts": {
    "lint": "eslint .",
    "serve": "firebase emulators:start --only functions",
    "shell": "firebase functions:shell",
    "start": "npm run shell",
    "deploy": "firebase deploy --only functions",
    "logs": "firebase functions:log"
  },
  "engines": {
    "node": "18"
  },
  "main": "index.js",
  "dependencies": {
    "cors": "^2.8.5",
    "express": "^4.18.2",
    "firebase-admin": "^11.8.0",
    "firebase-functions": "^4.3.1",
    "stripe": "^14.16.0"
  },
  "devDependencies": {
    "eslint": "^8.15.0",
    "eslint-config-google": "^0.14.0",
    "firebase-functions-test": "^3.1.0"
  },
  "private": true
}
[debug] [2024-02-13T10:05:18.217Z] Building nodejs source
[debug] [2024-02-13T10:05:18.217Z] Failed to find version of module node: reached end of search path C:\Users\Dell\projects-react\amazon\functions\node_modules
[info] +  functions: Using node@18 from host. 
[info] i  functions: Loaded environment variables from .env. 
[debug] [2024-02-13T10:05:18.221Z] Could not find functions.yaml. Must use http discovery
[debug] [2024-02-13T10:05:18.224Z] Found firebase-functions binary at 'C:\Users\Dell\projects-react\amazon\functions\node_modules\.bin\firebase-functions'
[info] Serving at port 8537

[error] ReferenceError: functions is not defined
    at Object.<anonymous> (C:\Users\Dell\projects-react\amazon\functions\index.js:29:15)
    at Module._compile (node:internal/modules/cjs/loader:1254:14)
    at Module._extensions..js (node:internal/modules/cjs/loader:1308:10)
    at Module.load (node:internal/modules/cjs/loader:1117:32)
    at Module._load (node:internal/modules/cjs/loader:958:12)
    at Module.require (node:internal/modules/cjs/loader:1141:19)
    at require (node:internal/modules/cjs/helpers:110:18)
    at loadModule (C:\Users\Dell\projects-react\amazon\functions\node_modules\firebase-functions\lib\runtime\loader.js:40:16)
    at loadStack (C:\Users\Dell\projects-react\amazon\functions\node_modules\firebase-functions\lib\runtime\loader.js:93:23)
    at C:\Users\Dell\projects-react\amazon\functions\node_modules\firebase-functions\lib\bin\firebase-functions.js:56:56

[debug] [2024-02-13T10:05:18.422Z] Got response code 400; body Failed to generate manifest from function source: ReferenceError: functions is not defined
[error] !!  functions: Failed to load function definition from source: FirebaseError: Functions codebase could not be analyzed successfully. It may have a syntax or runtime error {"metadata":{"emulator":{"name":"functions"},"message":"Failed to load function definition from source: FirebaseError: Functions codebase could not be analyzed successfully. It may have a syntax or runtime error"}}
[info] 
┌─────────────────────────────────────────────────────────────┐
│ ✔  All emulators ready! It is now safe to connect your app. │
│ i  View Emulator UI at http://127.0.0.1:4000/               │
└─────────────────────────────────────────────────────────────┘

┌───────────┬────────────────┬─────────────────────────────────┐
│ Emulator  │ Host:Port      │ View in Emulator UI             │
├───────────┼────────────────┼─────────────────────────────────┤
│ Functions │ 127.0.0.1:5001 │ http://127.0.0.1:4000/functions │
└───────────┴────────────────┴─────────────────────────────────┘
  Emulator Hub running at 127.0.0.1:4400
  Other reserved ports: 4500

Issues? Report them at https://github.com/firebase/firebase-tools/issues and attach the *-debug.log files.
 
[debug] [2024-02-13T10:05:35.127Z] [work-queue] {"queuedWork":["/fir-84a45/us-central1/api/payments/create-2024-02-13T10:05:35.127Z"],"queueLength":1,"runningWork":[],"workRunningCount":0}
[debug] [2024-02-13T10:05:35.128Z] [work-queue] {"queuedWork":[],"queueLength":0,"runningWork":["/fir-84a45/us-central1/api/payments/create-2024-02-13T10:05:35.127Z"],"workRunningCount":1}
[debug] [2024-02-13T10:05:35.130Z] [work-queue] {"queuedWork":[],"queueLength":0,"runningWork":[],"workRunningCount":0}
[debug] [2024-02-13T10:05:35.131Z] [work-queue] {"queuedWork":["/fir-84a45/us-central1/api/payments/create-2024-02-13T10:05:35.131Z"],"queueLength":1,"runningWork":[],"workRunningCount":0}
[debug] [2024-02-13T10:05:35.131Z] [work-queue] {"queuedWork":[],"queueLength":0,"runningWork":["/fir-84a45/us-central1/api/payments/create-2024-02-13T10:05:35.131Z"],"workRunningCount":1}
[debug] [2024-02-13T10:05:35.132Z] [work-queue] {"queuedWork":[],"queueLength":0,"runningWork":[],"workRunningCount":0}
[debug] [2024-02-13T10:06:12.091Z] [work-queue] {"queuedWork":["/fir-84a45/us-central1/api/payments/create-2024-02-13T10:06:12.091Z"],"queueLength":1,"runningWork":[],"workRunningCount":0}
[debug] [2024-02-13T10:06:12.091Z] [work-queue] {"queuedWork":[],"queueLength":0,"runningWork":["/fir-84a45/us-central1/api/payments/create-2024-02-13T10:06:12.091Z"],"workRunningCount":1}
[debug] [2024-02-13T10:06:12.091Z] [work-queue] {"queuedWork":[],"queueLength":0,"runningWork":[],"workRunningCount":0}
[debug] [2024-02-13T10:06:12.092Z] [work-queue] {"queuedWork":["/fir-84a45/us-central1/api/payments/create-2024-02-13T10:06:12.092Z"],"queueLength":1,"runningWork":[],"workRunningCount":0}
[debug] [2024-02-13T10:06:12.092Z] [work-queue] {"queuedWork":[],"queueLength":0,"runningWork":["/fir-84a45/us-central1/api/payments/create-2024-02-13T10:06:12.092Z"],"workRunningCount":1}
[debug] [2024-02-13T10:06:12.092Z] [work-queue] {"queuedWork":[],"queueLength":0,"runningWork":[],"workRunningCount":0}
[debug] [2024-02-13T10:06:13.620Z] [work-queue] {"queuedWork":["/fir-84a45/us-central1/api/payments/create-2024-02-13T10:06:13.620Z"],"queueLength":1,"runningWork":[],"workRunningCount":0}
[debug] [2024-02-13T10:06:13.620Z] [work-queue] {"queuedWork":[],"queueLength":0,"runningWork":["/fir-84a45/us-central1/api/payments/create-2024-02-13T10:06:13.620Z"],"workRunningCount":1}
[debug] [2024-02-13T10:06:13.622Z] [work-queue] {"queuedWork":[],"queueLength":0,"runningWork":[],"workRunningCount":0}
[debug] [2024-02-13T10:06:13.622Z] [work-queue] {"queuedWork":["/fir-84a45/us-central1/api/payments/create-2024-02-13T10:06:13.622Z"],"queueLength":1,"runningWork":[],"workRunningCount":0}
[debug] [2024-02-13T10:06:13.623Z] [work-queue] {"queuedWork":[],"queueLength":0,"runningWork":["/fir-84a45/us-central1/api/payments/create-2024-02-13T10:06:13.622Z"],"workRunningCount":1}
[debug] [2024-02-13T10:06:13.623Z] [work-queue] {"queuedWork":[],"queueLength":0,"runningWork":[],"workRunningCount":0}
[debug] [2024-02-13T10:06:14.433Z] [work-queue] {"queuedWork":["/fir-84a45/us-central1/api/payments/create-2024-02-13T10:06:14.433Z"],"queueLength":1,"runningWork":[],"workRunningCount":0}
[debug] [2024-02-13T10:06:14.434Z] [work-queue] {"queuedWork":[],"queueLength":0,"runningWork":["/fir-84a45/us-central1/api/payments/create-2024-02-13T10:06:14.433Z"],"workRunningCount":1}
[debug] [2024-02-13T10:06:14.434Z] [work-queue] {"queuedWork":[],"queueLength":0,"runningWork":[],"workRunningCount":0}
[debug] [2024-02-13T10:06:14.435Z] [work-queue] {"queuedWork":["/fir-84a45/us-central1/api/payments/create-2024-02-13T10:06:14.435Z"],"queueLength":1,"runningWork":[],"workRunningCount":0}
[debug] [2024-02-13T10:06:14.435Z] [work-queue] {"queuedWork":[],"queueLength":0,"runningWork":["/fir-84a45/us-central1/api/payments/create-2024-02-13T10:06:14.435Z"],"workRunningCount":1}
[debug] [2024-02-13T10:06:14.435Z] [work-queue] {"queuedWork":[],"queueLength":0,"runningWork":[],"workRunningCount":0}
[debug] [2024-02-13T10:06:15.192Z] [work-queue] {"queuedWork":["/fir-84a45/us-central1/api/payments/create-2024-02-13T10:06:15.192Z"],"queueLength":1,"runningWork":[],"workRunningCount":0}
[debug] [2024-02-13T10:06:15.192Z] [work-queue] {"queuedWork":[],"queueLength":0,"runningWork":["/fir-84a45/us-central1/api/payments/create-2024-02-13T10:06:15.192Z"],"workRunningCount":1}
[debug] [2024-02-13T10:06:15.192Z] [work-queue] {"queuedWork":[],"queueLength":0,"runningWork":[],"workRunningCount":0}
[debug] [2024-02-13T10:06:15.193Z] [work-queue] {"queuedWork":["/fir-84a45/us-central1/api/payments/create-2024-02-13T10:06:15.193Z"],"queueLength":1,"runningWork":[],"workRunningCount":0}
[debug] [2024-02-13T10:06:15.193Z] [work-queue] {"queuedWork":[],"queueLength":0,"runningWork":["/fir-84a45/us-central1/api/payments/create-2024-02-13T10:06:15.193Z"],"workRunningCount":1}
[debug] [2024-02-13T10:06:15.193Z] [work-queue] {"queuedWork":[],"queueLength":0,"runningWork":[],"workRunningCount":0}
[debug] [2024-02-13T10:06:15.906Z] [work-queue] {"queuedWork":["/fir-84a45/us-central1/api/payments/create-2024-02-13T10:06:15.906Z"],"queueLength":1,"runningWork":[],"workRunningCount":0}
[debug] [2024-02-13T10:06:15.906Z] [work-queue] {"queuedWork":[],"queueLength":0,"runningWork":["/fir-84a45/us-central1/api/payments/create-2024-02-13T10:06:15.906Z"],"workRunningCount":1}
[debug] [2024-02-13T10:06:15.906Z] [work-queue] {"queuedWork":[],"queueLength":0,"runningWork":[],"workRunningCount":0}
[debug] [2024-02-13T10:06:15.907Z] [work-queue] {"queuedWork":["/fir-84a45/us-central1/api/payments/create-2024-02-13T10:06:15.907Z"],"queueLength":1,"runningWork":[],"workRunningCount":0}
[debug] [2024-02-13T10:06:15.907Z] [work-queue] {"queuedWork":[],"queueLength":0,"runningWork":["/fir-84a45/us-central1/api/payments/create-2024-02-13T10:06:15.907Z"],"workRunningCount":1}
[debug] [2024-02-13T10:06:15.908Z] [work-queue] {"queuedWork":[],"queueLength":0,"runningWork":[],"workRunningCount":0}
[debug] [2024-02-13T10:06:20.905Z] [work-queue] {"queuedWork":["/fir-84a45/us-central1/api/payments/create-2024-02-13T10:06:20.904Z"],"queueLength":1,"runningWork":[],"workRunningCount":0}
[debug] [2024-02-13T10:06:20.905Z] [work-queue] {"queuedWork":[],"queueLength":0,"runningWork":["/fir-84a45/us-central1/api/payments/create-2024-02-13T10:06:20.904Z"],"workRunningCount":1}
[debug] [2024-02-13T10:06:20.906Z] [work-queue] {"queuedWork":[],"queueLength":0,"runningWork":[],"workRunningCount":0}
[debug] [2024-02-13T10:06:20.908Z] [work-queue] {"queuedWork":["/fir-84a45/us-central1/api/payments/create-2024-02-13T10:06:20.908Z"],"queueLength":1,"runningWork":[],"workRunningCount":0}
[debug] [2024-02-13T10:06:20.909Z] [work-queue] {"queuedWork":[],"queueLength":0,"runningWork":["/fir-84a45/us-central1/api/payments/create-2024-02-13T10:06:20.908Z"],"workRunningCount":1}
[debug] [2024-02-13T10:06:20.909Z] [work-queue] {"queuedWork":[],"queueLength":0,"runningWork":[],"workRunningCount":0}
[debug] [2024-02-13T10:25:26.807Z] [work-queue] {"queuedWork":["/fir-84a45/us-central1/api/payments/create-2024-02-13T10:25:26.807Z"],"queueLength":1,"runningWork":[],"workRunningCount":0}
[debug] [2024-02-13T10:25:26.807Z] [work-queue] {"queuedWork":[],"queueLength":0,"runningWork":["/fir-84a45/us-central1/api/payments/create-2024-02-13T10:25:26.807Z"],"workRunningCount":1}
[debug] [2024-02-13T10:25:26.807Z] [work-queue] {"queuedWork":[],"queueLength":0,"runningWork":[],"workRunningCount":0}
[debug] [2024-02-13T10:25:26.808Z] [work-queue] {"queuedWork":["/fir-84a45/us-central1/api/payments/create-2024-02-13T10:25:26.808Z"],"queueLength":1,"runningWork":[],"workRunningCount":0}
[debug] [2024-02-13T10:25:26.808Z] [work-queue] {"queuedWork":[],"queueLength":0,"runningWork":["/fir-84a45/us-central1/api/payments/create-2024-02-13T10:25:26.808Z"],"workRunningCount":1}
[debug] [2024-02-13T10:25:26.808Z] [work-queue] {"queuedWork":[],"queueLength":0,"runningWork":[],"workRunningCount":0}
[debug] [2024-02-13T10:27:40.760Z] [work-queue] {"queuedWork":["/fir-84a45/us-central1/api/payments/create-2024-02-13T10:27:40.760Z"],"queueLength":1,"runningWork":[],"workRunningCount":0}
[debug] [2024-02-13T10:27:40.760Z] [work-queue] {"queuedWork":[],"queueLength":0,"runningWork":["/fir-84a45/us-central1/api/payments/create-2024-02-13T10:27:40.760Z"],"workRunningCount":1}
[debug] [2024-02-13T10:27:40.760Z] [work-queue] {"queuedWork":[],"queueLength":0,"runningWork":[],"workRunningCount":0}
[debug] [2024-02-13T10:27:40.761Z] [work-queue] {"queuedWork":["/fir-84a45/us-central1/api/payments/create-2024-02-13T10:27:40.761Z"],"queueLength":1,"runningWork":[],"workRunningCount":0}
[debug] [2024-02-13T10:27:40.761Z] [work-queue] {"queuedWork":[],"queueLength":0,"runningWork":["/fir-84a45/us-central1/api/payments/create-2024-02-13T10:27:40.761Z"],"workRunningCount":1}
[debug] [2024-02-13T10:27:40.762Z] [work-queue] {"queuedWork":[],"queueLength":0,"runningWork":[],"workRunningCount":0}
[debug] [2024-02-13T10:28:17.903Z] [work-queue] {"queuedWork":["/fir-84a45/us-central1/api/payments/create-2024-02-13T10:28:17.903Z"],"queueLength":1,"runningWork":[],"workRunningCount":0}
[debug] [2024-02-13T10:28:17.903Z] [work-queue] {"queuedWork":[],"queueLength":0,"runningWork":["/fir-84a45/us-central1/api/payments/create-2024-02-13T10:28:17.903Z"],"workRunningCount":1}
[debug] [2024-02-13T10:28:17.903Z] [work-queue] {"queuedWork":[],"queueLength":0,"runningWork":[],"workRunningCount":0}
[debug] [2024-02-13T10:28:17.904Z] [work-queue] {"queuedWork":["/fir-84a45/us-central1/api/payments/create-2024-02-13T10:28:17.904Z"],"queueLength":1,"runningWork":[],"workRunningCount":0}
[debug] [2024-02-13T10:28:17.904Z] [work-queue] {"queuedWork":[],"queueLength":0,"runningWork":["/fir-84a45/us-central1/api/payments/create-2024-02-13T10:28:17.904Z"],"workRunningCount":1}
[debug] [2024-02-13T10:28:17.905Z] [work-queue] {"queuedWork":[],"queueLength":0,"runningWork":[],"workRunningCount":0}
[debug] [2024-02-13T10:30:34.978Z] [work-queue] {"queuedWork":["/fir-84a45/us-central1/api/payments/create-2024-02-13T10:30:34.978Z"],"queueLength":1,"runningWork":[],"workRunningCount":0}
[debug] [2024-02-13T10:30:34.978Z] [work-queue] {"queuedWork":[],"queueLength":0,"runningWork":["/fir-84a45/us-central1/api/payments/create-2024-02-13T10:30:34.978Z"],"workRunningCount":1}
[debug] [2024-02-13T10:30:34.979Z] [work-queue] {"queuedWork":[],"queueLength":0,"runningWork":[],"workRunningCount":0}
[debug] [2024-02-13T10:30:40.983Z] [work-queue] {"queuedWork":["/fir-84a45/us-central1/api/payments/create-2024-02-13T10:30:40.983Z"],"queueLength":1,"runningWork":[],"workRunningCount":0}
[debug] [2024-02-13T10:30:40.984Z] [work-queue] {"queuedWork":[],"queueLength":0,"runningWork":["/fir-84a45/us-central1/api/payments/create-2024-02-13T10:30:40.983Z"],"workRunningCount":1}
[debug] [2024-02-13T10:30:40.985Z] [work-queue] {"queuedWork":[],"queueLength":0,"runningWork":[],"workRunningCount":0}
[debug] [2024-02-13T10:30:42.981Z] [work-queue] {"queuedWork":["/fir-84a45/us-central1/api/payments/create-2024-02-13T10:30:42.981Z"],"queueLength":1,"runningWork":[],"workRunningCount":0}
[debug] [2024-02-13T10:30:42.981Z] [work-queue] {"queuedWork":[],"queueLength":0,"runningWork":["/fir-84a45/us-central1/api/payments/create-2024-02-13T10:30:42.981Z"],"workRunningCount":1}
[debug] [2024-02-13T10:30:42.982Z] [work-queue] {"queuedWork":[],"queueLength":0,"runningWork":[],"workRunningCount":0}
[debug] [2024-02-13T10:31:12.991Z] [work-queue] {"queuedWork":["/fir-84a45/us-central1/api/payments/create-2024-02-13T10:31:12.991Z"],"queueLength":1,"runningWork":[],"workRunningCount":0}
[debug] [2024-02-13T10:31:12.992Z] [work-queue] {"queuedWork":[],"queueLength":0,"runningWork":["/fir-84a45/us-central1/api/payments/create-2024-02-13T10:31:12.991Z"],"workRunningCount":1}
[debug] [2024-02-13T10:31:12.992Z] [work-queue] {"queuedWork":[],"queueLength":0,"runningWork":[],"workRunningCount":0}
[debug] [2024-02-13T10:31:14.988Z] [work-queue] {"queuedWork":["/fir-84a45/us-central1/api/payments/create-2024-02-13T10:31:14.988Z"],"queueLength":1,"runningWork":[],"workRunningCount":0}
[debug] [2024-02-13T10:31:14.989Z] [work-queue] {"queuedWork":[],"queueLength":0,"runningWork":["/fir-84a45/us-central1/api/payments/create-2024-02-13T10:31:14.988Z"],"workRunningCount":1}
[debug] [2024-02-13T10:31:14.989Z] [work-queue] {"queuedWork":[],"queueLength":0,"runningWork":[],"workRunningCount":0}
[debug] [2024-02-13T10:31:17.578Z] [work-queue] {"queuedWork":["/fir-84a45/us-central1/api/payments/create-2024-02-13T10:31:17.578Z"],"queueLength":1,"runningWork":[],"workRunningCount":0}
[debug] [2024-02-13T10:31:17.578Z] [work-queue] {"queuedWork":[],"queueLength":0,"runningWork":["/fir-84a45/us-central1/api/payments/create-2024-02-13T10:31:17.578Z"],"workRunningCount":1}
[debug] [2024-02-13T10:31:17.578Z] [work-queue] {"queuedWork":[],"queueLength":0,"runningWork":[],"workRunningCount":0}
[debug] [2024-02-13T10:31:19.771Z] [work-queue] {"queuedWork":["/fir-84a45/us-central1/api/payments/create-2024-02-13T10:31:19.771Z"],"queueLength":1,"runningWork":[],"workRunningCount":0}
[debug] [2024-02-13T10:31:19.771Z] [work-queue] {"queuedWork":[],"queueLength":0,"runningWork":["/fir-84a45/us-central1/api/payments/create-2024-02-13T10:31:19.771Z"],"workRunningCount":1}
[debug] [2024-02-13T10:31:19.772Z] [work-queue] {"queuedWork":[],"queueLength":0,"runningWork":[],"workRunningCount":0}
[debug] [2024-02-13T10:31:19.774Z] [work-queue] {"queuedWork":["/fir-84a45/us-central1/api/payments/create-2024-02-13T10:31:19.773Z"],"queueLength":1,"runningWork":[],"workRunningCount":0}
[debug] [2024-02-13T10:31:19.774Z] [work-queue] {"queuedWork":[],"queueLength":0,"runningWork":["/fir-84a45/us-central1/api/payments/create-2024-02-13T10:31:19.773Z"],"workRunningCount":1}
[debug] [2024-02-13T10:31:19.775Z] [work-queue] {"queuedWork":[],"queueLength":0,"runningWork":[],"workRunningCount":0}
[debug] [2024-02-13T10:31:27.976Z] [work-queue] {"queuedWork":["/fir-84a45/us-central1/api/payments/create-2024-02-13T10:31:27.976Z"],"queueLength":1,"runningWork":[],"workRunningCount":0}
[debug] [2024-02-13T10:31:27.977Z] [work-queue] {"queuedWork":[],"queueLength":0,"runningWork":["/fir-84a45/us-central1/api/payments/create-2024-02-13T10:31:27.976Z"],"workRunningCount":1}
[debug] [2024-02-13T10:31:27.977Z] [work-queue] {"queuedWork":[],"queueLength":0,"runningWork":[],"workRunningCount":0}
[debug] [2024-02-13T10:31:42.976Z] [work-queue] {"queuedWork":["/fir-84a45/us-central1/api/payments/create-2024-02-13T10:31:42.976Z"],"queueLength":1,"runningWork":[],"workRunningCount":0}
[debug] [2024-02-13T10:31:42.976Z] [work-queue] {"queuedWork":[],"queueLength":0,"runningWork":["/fir-84a45/us-central1/api/payments/create-2024-02-13T10:31:42.976Z"],"workRunningCount":1}
[debug] [2024-02-13T10:31:42.976Z] [work-queue] {"queuedWork":[],"queueLength":0,"runningWork":[],"workRunningCount":0}
[debug] [2024-02-13T10:31:45.979Z] [work-queue] {"queuedWork":["/fir-84a45/us-central1/api/payments/create-2024-02-13T10:31:45.979Z"],"queueLength":1,"runningWork":[],"workRunningCount":0}
[debug] [2024-02-13T10:31:45.980Z] [work-queue] {"queuedWork":[],"queueLength":0,"runningWork":["/fir-84a45/us-central1/api/payments/create-2024-02-13T10:31:45.979Z"],"workRunningCount":1}
[debug] [2024-02-13T10:31:45.980Z] [work-queue] {"queuedWork":[],"queueLength":0,"runningWork":[],"workRunningCount":0}
[debug] [2024-02-13T10:31:46.959Z] [work-queue] {"queuedWork":["/fir-84a45/us-central1/api/payments/create-2024-02-13T10:31:46.959Z"],"queueLength":1,"runningWork":[],"workRunningCount":0}
[debug] [2024-02-13T10:31:46.960Z] [work-queue] {"queuedWork":[],"queueLength":0,"runningWork":["/fir-84a45/us-central1/api/payments/create-2024-02-13T10:31:46.959Z"],"workRunningCount":1}
[debug] [2024-02-13T10:31:46.960Z] [work-queue] {"queuedWork":[],"queueLength":0,"runningWork":[],"workRunningCount":0}
[debug] [2024-02-13T10:31:48.891Z] [work-queue] {"queuedWork":["/fir-84a45/us-central1/api/payments/create-2024-02-13T10:31:48.891Z"],"queueLength":1,"runningWork":[],"workRunningCount":0}
[debug] [2024-02-13T10:31:48.891Z] [work-queue] {"queuedWork":[],"queueLength":0,"runningWork":["/fir-84a45/us-central1/api/payments/create-2024-02-13T10:31:48.891Z"],"workRunningCount":1}
[debug] [2024-02-13T10:31:48.892Z] [work-queue] {"queuedWork":[],"queueLength":0,"runningWork":[],"workRunningCount":0}
[debug] [2024-02-13T10:31:48.893Z] [work-queue] {"queuedWork":["/fir-84a45/us-central1/api/payments/create-2024-02-13T10:31:48.893Z"],"queueLength":1,"runningWork":[],"workRunningCount":0}
[debug] [2024-02-13T10:31:48.893Z] [work-queue] {"queuedWork":[],"queueLength":0,"runningWork":["/fir-84a45/us-central1/api/payments/create-2024-02-13T10:31:48.893Z"],"workRunningCount":1}
[debug] [2024-02-13T10:31:48.893Z] [work-queue] {"queuedWork":[],"queueLength":0,"runningWork":[],"workRunningCount":0}
[debug] [2024-02-13T10:31:55.954Z] [work-queue] {"queuedWork":["/fir-84a45/us-central1/api/payments/create-2024-02-13T10:31:55.954Z"],"queueLength":1,"runningWork":[],"workRunningCount":0}
[debug] [2024-02-13T10:31:55.954Z] [work-queue] {"queuedWork":[],"queueLength":0,"runningWork":["/fir-84a45/us-central1/api/payments/create-2024-02-13T10:31:55.954Z"],"workRunningCount":1}
[debug] [2024-02-13T10:31:55.954Z] [work-queue] {"queuedWork":[],"queueLength":0,"runningWork":[],"workRunningCount":0}
